This is pdfTeX, Version 3.14159265-2.6-1.40.16 (TeX Live 2015/Debian) (preloaded format=pdflatex 2015.10.27)  10 DEC 2015 16:29
entering extended mode
 restricted \write18 enabled.
 %&-line parsing enabled.
**new_notes.tex
(./new_notes.tex
LaTeX2e <2015/01/01>
Babel <3.9l> and hyphenation patterns for 2 languages loaded.
(/usr/share/texlive/texmf-dist/tex/latex/amscls/amsart.cls
Document Class: amsart 2015/03/04 v2.20.2
\linespacing=\dimen102
\normalparindent=\dimen103
\normaltopskip=\skip41
(/usr/share/texlive/texmf-dist/tex/latex/amsmath/amsmath.sty
Package: amsmath 2013/01/14 v2.14 AMS math features
\@mathmargin=\skip42

For additional information on amsmath, use the `?' option.
(/usr/share/texlive/texmf-dist/tex/latex/amsmath/amstext.sty
Package: amstext 2000/06/29 v2.01

(/usr/share/texlive/texmf-dist/tex/latex/amsmath/amsgen.sty
File: amsgen.sty 1999/11/30 v2.0
\@emptytoks=\toks14
\ex@=\dimen104
))
(/usr/share/texlive/texmf-dist/tex/latex/amsmath/amsbsy.sty
Package: amsbsy 1999/11/29 v1.2d
\pmbraise@=\dimen105
)
(/usr/share/texlive/texmf-dist/tex/latex/amsmath/amsopn.sty
Package: amsopn 1999/12/14 v2.01 operator names
)
\inf@bad=\count79
LaTeX Info: Redefining \frac on input line 210.
\uproot@=\count80
\leftroot@=\count81
LaTeX Info: Redefining \overline on input line 306.
\classnum@=\count82
\DOTSCASE@=\count83
LaTeX Info: Redefining \ldots on input line 378.
LaTeX Info: Redefining \dots on input line 381.
LaTeX Info: Redefining \cdots on input line 466.
\Mathstrutbox@=\box26
\strutbox@=\box27
\big@size=\dimen106
LaTeX Font Info:    Redeclaring font encoding OML on input line 566.
LaTeX Font Info:    Redeclaring font encoding OMS on input line 567.
\macc@depth=\count84
\c@MaxMatrixCols=\count85
\dotsspace@=\muskip10
\c@parentequation=\count86
\dspbrk@lvl=\count87
\tag@help=\toks15
\row@=\count88
\column@=\count89
\maxfields@=\count90
\andhelp@=\toks16
\eqnshift@=\dimen107
\alignsep@=\dimen108
\tagshift@=\dimen109
\tagwidth@=\dimen110
\totwidth@=\dimen111
\lineht@=\dimen112
\@envbody=\toks17
\multlinegap=\skip43
\multlinetaggap=\skip44
\mathdisplay@stack=\toks18
LaTeX Info: Redefining \[ on input line 2665.
LaTeX Info: Redefining \] on input line 2666.
)
LaTeX Font Info:    Try loading font information for U+msa on input line 388.

(/usr/share/texlive/texmf-dist/tex/latex/amsfonts/umsa.fd
File: umsa.fd 2013/01/14 v3.01 AMS symbols A
)
(/usr/share/texlive/texmf-dist/tex/latex/amsfonts/amsfonts.sty
Package: amsfonts 2013/01/14 v3.01 Basic AMSFonts support
\symAMSa=\mathgroup4
\symAMSb=\mathgroup5
LaTeX Font Info:    Overwriting math alphabet `\mathfrak' in version `bold'
(Font)                  U/euf/m/n --> U/euf/b/n on input line 106.
)
\copyins=\insert233
\abstractbox=\box28
\listisep=\skip45
\c@part=\count91
\c@section=\count92
\c@subsection=\count93
\c@subsubsection=\count94
\c@paragraph=\count95
\c@subparagraph=\count96
\c@figure=\count97
\c@table=\count98
\abovecaptionskip=\skip46
\belowcaptionskip=\skip47
\captionindent=\dimen113
\thm@style=\toks19
\thm@bodyfont=\toks20
\thm@headfont=\toks21
\thm@notefont=\toks22
\thm@headpunct=\toks23
\thm@preskip=\skip48
\thm@postskip=\skip49
\thm@headsep=\skip50
\dth@everypar=\toks24
)
(/usr/share/texlive/texmf-dist/tex/latex/base/inputenc.sty
Package: inputenc 2015/03/17 v1.2c Input encoding file
\inpenc@prehook=\toks25
\inpenc@posthook=\toks26

(/usr/share/texlive/texmf-dist/tex/latex/base/latin9.def
File: latin9.def 2015/03/17 v1.2c Input encoding file
))
(/usr/share/texlive/texmf-dist/tex/latex/float/float.sty
Package: float 2001/11/08 v1.3d Float enhancements (AL)
\c@float@type=\count99
\float@exts=\toks27
\float@box=\box29
\@float@everytoks=\toks28
\@floatcapt=\box30
)
(/usr/share/texlive/texmf-dist/tex/latex/mathtools/mathtools.sty
Package: mathtools 2015/06/17 v1.17 mathematical typesetting tools

(/usr/share/texlive/texmf-dist/tex/latex/graphics/keyval.sty
Package: keyval 2014/10/28 v1.15 key=value parser (DPC)
\KV@toks@=\toks29
)
(/usr/share/texlive/texmf-dist/tex/latex/tools/calc.sty
Package: calc 2014/10/28 v4.3 Infix arithmetic (KKT,FJ)
\calc@Acount=\count100
\calc@Bcount=\count101
\calc@Adimen=\dimen114
\calc@Bdimen=\dimen115
\calc@Askip=\skip51
\calc@Bskip=\skip52
LaTeX Info: Redefining \setlength on input line 80.
LaTeX Info: Redefining \addtolength on input line 81.
\calc@Ccount=\count102
\calc@Cskip=\skip53
)
(/usr/share/texlive/texmf-dist/tex/latex/mathtools/mhsetup.sty
Package: mhsetup 2010/01/21 v1.2a programming setup (MH)
)
LaTeX Info: Thecontrolsequence`\('isalreadyrobust on input line 129.
LaTeX Info: Thecontrolsequence`\)'isalreadyrobust on input line 129.
LaTeX Info: Thecontrolsequence`\['isalreadyrobust on input line 129.
LaTeX Info: Thecontrolsequence`\]'isalreadyrobust on input line 129.
\g_MT_multlinerow_int=\count103
\l_MT_multwidth_dim=\dimen116
\origjot=\skip54
\l_MT_shortvdotswithinadjustabove_dim=\dimen117
\l_MT_shortvdotswithinadjustbelow_dim=\dimen118
\l_MT_above_intertext_sep=\dimen119
\l_MT_below_intertext_sep=\dimen120
\l_MT_above_shortintertext_sep=\dimen121
\l_MT_below_shortintertext_sep=\dimen122
)
(/usr/share/texlive/texmf-dist/tex/latex/enumitem/enumitem.sty
Package: enumitem 2011/09/28 v3.5.2 Customized lists
\labelindent=\skip55
\enit@outerparindent=\dimen123
\enit@toks=\toks30
\enit@inbox=\box31
\enitdp@description=\count104
)
(/usr/share/texlive/texmf-dist/tex/latex/amsfonts/amssymb.sty
Package: amssymb 2013/01/14 v3.01 AMS font symbols
)
(/usr/share/texlive/texmf-dist/tex/latex/cancel/cancel.sty
Package: cancel 2013/04/12 v2.2 Cancel math terms
)
(/usr/share/texlive/texmf-dist/tex/latex/graphics/graphicx.sty
Package: graphicx 2014/10/28 v1.0g Enhanced LaTeX Graphics (DPC,SPQR)

(/usr/share/texlive/texmf-dist/tex/latex/graphics/graphics.sty
Package: graphics 2014/10/28 v1.0p Standard LaTeX Graphics (DPC,SPQR)

(/usr/share/texlive/texmf-dist/tex/latex/graphics/trig.sty
Package: trig 1999/03/16 v1.09 sin cos tan (DPC)
)
(/usr/share/texlive/texmf-dist/tex/latex/latexconfig/graphics.cfg
File: graphics.cfg 2010/04/23 v1.9 graphics configuration of TeX Live
)
Package graphics Info: Driver file: pdftex.def on input line 94.

(/usr/share/texlive/texmf-dist/tex/latex/pdftex-def/pdftex.def
File: pdftex.def 2011/05/27 v0.06d Graphics/color for pdfTeX

(/usr/share/texlive/texmf-dist/tex/generic/oberdiek/infwarerr.sty
Package: infwarerr 2010/04/08 v1.3 Providing info/warning/error messages (HO)
)
(/usr/share/texlive/texmf-dist/tex/generic/oberdiek/ltxcmds.sty
Package: ltxcmds 2011/11/09 v1.22 LaTeX kernel commands for general use (HO)
)
\Gread@gobject=\count105
))
\Gin@req@height=\dimen124
\Gin@req@width=\dimen125
)
(/usr/share/texlive/texmf-dist/tex/latex/esint/esint.sty
Package: esint 
\symlargesymbolsA=\mathgroup6
)
\c@casenvi=\count106
\c@casenvii=\count107
\c@casenviii=\count108
\c@casenviv=\count109
\enitdp@casenv=\count110

(/usr/share/texlive/texmf-dist/tex/latex/nopageno/nopageno.sty
Package: nopageno 1989/01/01 no page numbers (DPC)
)
(/usr/share/texlive/texmf-dist/tex/latex/tools/bm.sty
Package: bm 2014/10/28 v1.1c Bold Symbol Support (DPC/FMi)
\symboldoperators=\mathgroup7
\symboldletters=\mathgroup8
\symboldsymbols=\mathgroup9
LaTeX Font Info:    Redeclaring math alphabet \mathbf on input line 141.
LaTeX Info: Redefining \bm on input line 207.
)
No file new_notes.aux.
\openout1 = `new_notes.aux'.

LaTeX Font Info:    Checking defaults for OML/cmm/m/it on input line 71.
LaTeX Font Info:    ... okay on input line 71.
LaTeX Font Info:    Checking defaults for T1/cmr/m/n on input line 71.
LaTeX Font Info:    ... okay on input line 71.
LaTeX Font Info:    Checking defaults for OT1/cmr/m/n on input line 71.
LaTeX Font Info:    ... okay on input line 71.
LaTeX Font Info:    Checking defaults for OMS/cmsy/m/n on input line 71.
LaTeX Font Info:    ... okay on input line 71.
LaTeX Font Info:    Checking defaults for OMX/cmex/m/n on input line 71.
LaTeX Font Info:    ... okay on input line 71.
LaTeX Font Info:    Checking defaults for U/cmr/m/n on input line 71.
LaTeX Font Info:    ... okay on input line 71.
LaTeX Font Info:    Try loading font information for U+msa on input line 71.
(/usr/share/texlive/texmf-dist/tex/latex/amsfonts/umsa.fd
File: umsa.fd 2013/01/14 v3.01 AMS symbols A
)
LaTeX Font Info:    Try loading font information for U+msb on input line 71.

(/usr/share/texlive/texmf-dist/tex/latex/amsfonts/umsb.fd
File: umsb.fd 2013/01/14 v3.01 AMS symbols B
)
LaTeX Font Info:    Try loading font information for U+esint on input line 71.

(/usr/share/texlive/texmf-dist/tex/latex/esint/uesint.fd
File: uesint.fd 
)
(/usr/share/texlive/texmf-dist/tex/context/base/supp-pdf.mkii
[Loading MPS to PDF converter (version 2006.09.02).]
\scratchcounter=\count111
\scratchdimen=\dimen126
\scratchbox=\box32
\nofMPsegments=\count112
\nofMParguments=\count113
\everyMPshowfont=\toks31
\MPscratchCnt=\count114
\MPscratchDim=\dimen127
\MPnumerator=\count115
\makeMPintoPDFobject=\count116
\everyMPtoPDFconversion=\toks32
) (/usr/share/texlive/texmf-dist/tex/generic/oberdiek/pdftexcmds.sty
Package: pdftexcmds 2011/11/29 v0.20 Utility functions of pdfTeX for LuaTeX (HO
)

(/usr/share/texlive/texmf-dist/tex/generic/oberdiek/ifluatex.sty
Package: ifluatex 2010/03/01 v1.3 Provides the ifluatex switch (HO)
Package ifluatex Info: LuaTeX not detected.
)
(/usr/share/texlive/texmf-dist/tex/generic/oberdiek/ifpdf.sty
Package: ifpdf 2011/01/30 v2.3 Provides the ifpdf switch (HO)
Package ifpdf Info: pdfTeX in PDF mode is detected.
)
Package pdftexcmds Info: LuaTeX not detected.
Package pdftexcmds Info: \pdf@primitive is available.
Package pdftexcmds Info: \pdf@ifprimitive is available.
Package pdftexcmds Info: \pdfdraftmode found.
)
(/usr/share/texlive/texmf-dist/tex/latex/oberdiek/epstopdf-base.sty
Package: epstopdf-base 2010/02/09 v2.5 Base part for package epstopdf

(/usr/share/texlive/texmf-dist/tex/latex/oberdiek/grfext.sty
Package: grfext 2010/08/19 v1.1 Manage graphics extensions (HO)

(/usr/share/texlive/texmf-dist/tex/generic/oberdiek/kvdefinekeys.sty
Package: kvdefinekeys 2011/04/07 v1.3 Define keys (HO)
))
(/usr/share/texlive/texmf-dist/tex/latex/oberdiek/kvoptions.sty
Package: kvoptions 2011/06/30 v3.11 Key value format for package options (HO)

(/usr/share/texlive/texmf-dist/tex/generic/oberdiek/kvsetkeys.sty
Package: kvsetkeys 2012/04/25 v1.16 Key value parser (HO)

(/usr/share/texlive/texmf-dist/tex/generic/oberdiek/etexcmds.sty
Package: etexcmds 2011/02/16 v1.5 Avoid name clashes with e-TeX commands (HO)
Package etexcmds Info: Could not find \expanded.
(etexcmds)             That can mean that you are not using pdfTeX 1.50 or
(etexcmds)             that some package has redefined \expanded.
(etexcmds)             In the latter case, load this package earlier.
)))
Package grfext Info: Graphics extension search list:
(grfext)             [.png,.pdf,.jpg,.mps,.jpeg,.jbig2,.jb2,.PNG,.PDF,.JPG,.JPE
G,.JBIG2,.JB2,.eps]
(grfext)             \AppendGraphicsExtensions on input line 452.

(/usr/share/texlive/texmf-dist/tex/latex/latexconfig/epstopdf-sys.cfg
File: epstopdf-sys.cfg 2010/07/13 v1.3 Configuration of (r)epstopdf for TeX Liv
e
))
<projection_hyperplane.jpg, id=1, 374.90062pt x 310.15875pt>
File: projection_hyperplane.jpg Graphic file (type jpg)

<use projection_hyperplane.jpg>
Package pdftex.def Info: projection_hyperplane.jpg used on input line 106.
(pdftex.def)             Requested size: 187.44984pt x 155.079pt.
 [1{/var/lib/texmf/fonts/map/pdftex/updmap/pdftex.map} <./projection_hyperplane
.jpg>]
<farkas.jpg, id=18, 386.94562pt x 216.81pt>
File: farkas.jpg Graphic file (type jpg)
 <use farkas.jpg>
Package pdftex.def Info: farkas.jpg used on input line 196.
(pdftex.def)             Requested size: 270.86008pt x 151.76596pt.
 [2 <./farkas.jpg>] [3] [4] [5] [6] [7] [8]

Package amsmath Warning: Foreign command \atopwithdelims;
(amsmath)                \frac or \genfrac should be used instead
(amsmath)                 on input line 732.

[9] [10] [11]
Overfull \hbox (6.01567pt too wide) in paragraph at lines 953--957
[] \OMS/cmsy/m/n/10 ^^Z \U/msb/m/n/10 R[]$\OT1/cmr/m/n/10 . The \OT1/cmr/m/it/1
0 hy-po-graph \OT1/cmr/m/n/10 of $\OML/cmm/m/it/10 f$\OT1/cmr/m/n/10 , de-noted
 $[] []$, $[] \OMS/cmsy/m/n/10 ^^Z
 []

<conv_cont.jpg, id=60, 560.8453pt x 435.87843pt>
File: conv_cont.jpg Graphic file (type jpg)
 <use conv_cont.jpg>
Package pdftex.def Info: conv_cont.jpg used on input line 971.
(pdftex.def)             Requested size: 168.25488pt x 130.76453pt.
 [12 <./conv_cont.jpg>] [13] [14] <solns.jpg, id=71, 490.08093pt x 377.15906pt>
File: solns.jpg Graphic file (type jpg)

<use solns.jpg>
Package pdftex.def Info: solns.jpg used on input line 1213.
(pdftex.def)             Requested size: 245.03987pt x 188.57907pt.

Underfull \vbox (badness 2221) has occurred while \output is active []

 [15]
[16 <./solns.jpg>] <grad_dir.jpg, id=78, 380.92313pt x 237.13594pt>
File: grad_dir.jpg Graphic file (type jpg)

<use grad_dir.jpg>
Package pdftex.def Info: grad_dir.jpg used on input line 1364.
(pdftex.def)             Requested size: 190.46109pt x 118.56767pt.
 [17]

LaTeX Warning: Reference `fig:Gradient-angle' on page 18 undefined on input lin
e 1371.


Overfull \hbox (3.8521pt too wide) in paragraph at lines 1428--1434
\OT1/cmr/m/n/10 and hence $\OMS/cmsy/m/n/10 r\OML/cmm/m/it/10 f [][] [] \OMS/cm
sy/m/n/10 ^^T \OT1/cmr/m/n/10 0$ but by corol-lary above $\OMS/cmsy/m/n/10 r\OM
L/cmm/m/it/10 f [][] [] \OMS/cmsy/m/n/10 ^^U \OT1/cmr/m/n/10 0$ and hence $\OMS
/cmsy/m/n/10 r\OML/cmm/m/it/10 f [][] [] \OT1/cmr/m/n/10 =
 []

[18 <./grad_dir.jpg>] [19] [20] [21] [22] [23]

LaTeX Warning: Reference `fig:Inequality-constrained-feasible' on page 24 undef
ined on input line 1875.

<constrained_opt.jpg, id=104, 834.86906pt x 646.66594pt>
File: constrained_opt.jpg Graphic file (type jpg)

<use constrained_opt.jpg>
Package pdftex.def Info: constrained_opt.jpg used on input line 1880.
(pdftex.def)             Requested size: 417.43352pt x 323.33217pt.

Underfull \vbox (badness 10000) has occurred while \output is active []

 [24]
[25 <./constrained_opt.jpg>]
! Argument of \align* has an extra }.
<inserted text> 
                \par 
l.2014 \min &
              \,f\left(x\right)\\
? 
Runaway argument?
 \min \unskip \hfil 
! Paragraph ended before \align* was complete.
<to be read again> 
                   \par 
l.2014 \min &
              \,f\left(x\right)\\
? 
! Extra }, or forgotten \endgroup.
<recently read> }
                 
l.2014 \min &
              \,f\left(x\right)\\
? 
! Missing \endgroup inserted.
<inserted text> 
                \endgroup 
l.2014 \min &
              \,f\left(x\right)\\
? 
! Missing \endgroup inserted.
<inserted text> 
                \endgroup 
l.2014 \min &
              \,f\left(x\right)\\
? 
! Missing } inserted.
<inserted text> 
                }
l.2014 \min &
              \,f\left(x\right)\\
? 
! Extra alignment tab has been changed to \cr.
<recently read> \endtemplate 
                             
l.2014 \min &
              \,f\left(x\right)\\
? 
! Missing $ inserted.
<inserted text> 
                $
l.2014 \min & \,f\left
                      (x\right)\\
? 
! Extra }, or forgotten $.
<template> \unskip \hfil }
                          \hskip \tabcolsep \hskip -.5\arrayrulewidth \vrule...
l.2015 \text
            {s.t.} & g_{i}\left(x\right)\leq0\\
? 
! Missing $ inserted.
<inserted text> 
                $
l.2015 \text
            {s.t.} & g_{i}\left(x\right)\leq0\\
? 
! Missing } inserted.
<inserted text> 
                }
l.2015 \text
            {s.t.} & g_{i}\left(x\right)\leq0\\
? 
! Missing $ inserted.
<inserted text> 
                $
l.2015 \text{s.t.} & g_
                       {i}\left(x\right)\leq0\\
? 
! Extra }, or forgotten $.
<template> \unskip \hfil }
                          \hskip \tabcolsep \hskip -.5\arrayrulewidth \vrule...
l.2016  &
          h_{i}\left(x\right)=0
? 
! Missing $ inserted.
<inserted text> 
                $
l.2016  &
          h_{i}\left(x\right)=0
? 
! Missing } inserted.
<inserted text> 
                }
l.2016  &
          h_{i}\left(x\right)=0
? 
! Missing $ inserted.
<inserted text> 
                $
l.2016  & h_
            {i}\left(x\right)=0
? 
! Extra }, or forgotten $.
<template> \unskip \hfil }
                          \hskip \tabcolsep \hskip -.5\arrayrulewidth \vrule...
l.2017 \end{align*}
                   
? 
! Missing $ inserted.
<inserted text> 
                $
l.2017 \end{align*}
                   
? 
! Missing } inserted.
<inserted text> 
                }
l.2017 \end{align*}
                   
? 

! LaTeX Error: \begin{tabular} on input line 2007 ended by \end{align*}.

See the LaTeX manual or LaTeX Companion for explanation.
Type  H <return>  for immediate help.
 ...                                              
                                                  
l.2017 \end{align*}
                   
? 
! Missing $ inserted.
<inserted text> 
                $
l.2017 \end{align*}
                   
? 
! Display math should end with $$.
<to be read again> 
                   \endgroup 
l.2017 \end{align*}
                   
? 
! Missing } inserted.
<inserted text> 
                }
l.2017 \end{align*}
                   
? 
! Missing $ inserted.
<inserted text> 
                $
l.2017 \end{align*}
                   
? 
! Missing } inserted.
<inserted text> 
                }
l.2017 \end{align*}
                   
? 

Overfull \hbox (2.22221pt too wide) in paragraph at lines 2006--2018
  [] 
 []

! Misplaced \noalign.
\hline ->\noalign 
                  {\ifnum 0=`}\fi \hrule \@height \arrayrulewidth \futurelet...
l.2019 \hline
             
? 
! Misplaced alignment tab character &.
l.2020 First Order &
                     $\nabla f\left(x\right)=0$ &
? 
! Misplaced alignment tab character &.
l.2020 First Order & $\nabla f\left(x\right)=0$ &
                                                 
? 
! Misplaced \noalign.
\hline ->\noalign 
                  {\ifnum 0=`}\fi \hrule \@height \arrayrulewidth \futurelet...
l.2027 \hline
             
? 
! Misplaced alignment tab character &.
l.2028 Second order necessary &
                                $\nabla^{2}f\left(x\right)$ psd & $\nabla^{2...

? 
! Misplaced alignment tab character &.
l.2028 ...sary & $\nabla^{2}f\left(x\right)$ psd &
                                                   $\nabla^{2}L\left(x\right...

? 
! Misplaced \noalign.
\hline ->\noalign 
                  {\ifnum 0=`}\fi \hrule \@height \arrayrulewidth \futurelet...
l.2029 \hline
             
? 
! Misplaced alignment tab character &.
l.2030 Second order sufficient &
                                 $\nabla^{2}f\left(x\right)$ pd & $\nabla^{2...

? 
! Misplaced alignment tab character &.
l.2030 ...cient & $\nabla^{2}f\left(x\right)$ pd &
                                                   $\nabla^{2}L\left(x\right...

? 
! Misplaced \noalign.
\hline ->\noalign 
                  {\ifnum 0=`}\fi \hrule \@height \arrayrulewidth \futurelet...
l.2031 \hline
             
? 
! Misplaced \crcr.
\endtabular ->\crcr 
                    \egroup \egroup $\egroup 
l.2032 \end{tabular}
                    \caption{Optimality conditions summary}
? 
! Extra }, or forgotten \endgroup.
\endtabular ->\crcr \egroup 
                            \egroup $\egroup 
l.2032 \end{tabular}
                    \caption{Optimality conditions summary}
? 
! Extra }, or forgotten \endgroup.
\endtabular ->\crcr \egroup \egroup 
                                    $\egroup 
l.2032 \end{tabular}
                    \caption{Optimality conditions summary}
? 
! Extra }, or forgotten $.
<recently read> \egroup 
                        
l.2032 \end{tabular}
                    \caption{Optimality conditions summary}
? 

! LaTeX Error: \begin{centering} on input line 2006 ended by \end{tabular}.

See the LaTeX manual or LaTeX Companion for explanation.
Type  H <return>  for immediate help.
 ...                                              
                                                  
l.2032 \end{tabular}
                    \caption{Optimality conditions summary}
? 
! Missing $ inserted.
<inserted text> 
                $
l.2032 \end{tabular}
                    \caption{Optimality conditions summary}
? 

! LaTeX Error: \begin{table} on input line 2003 ended by \end{centering}.

See the LaTeX manual or LaTeX Companion for explanation.
Type  H <return>  for immediate help.
 ...                                              
                                                  
l.2034 \par\end{centering}
                          
? 
! Missing } inserted.
<inserted text> 
                }
l.2034 \par\end{centering}
                          
? 
! Extra }, or forgotten \endgroup.
\@endfloatbox ...pagefalse \outer@nobreak \egroup 
                                                  \color@endbox 
l.2036 \end{table}
                  
? 

! LaTeX Error: \begin{center} on input line 2002 ended by \end{table}.

See the LaTeX manual or LaTeX Companion for explanation.
Type  H <return>  for immediate help.
 ...                                              
                                                  
l.2036 \end{table}
                  
? 

! LaTeX Error: Something's wrong--perhaps a missing \item.

See the LaTeX manual or LaTeX Companion for explanation.
Type  H <return>  for immediate help.
 ...                                              
                                                  
l.2038 \par\end{center}
                       
? 

! LaTeX Error: \begin{document} ended by \end{center}.

See the LaTeX manual or LaTeX Companion for explanation.
Type  H <return>  for immediate help.
 ...                                              
                                                  
l.2038 \par\end{center}
                       
? 
! Extra \endgroup.
<recently read> \endgroup 
                          
l.2038 \par\end{center}
                       
? 
[26] [27] [28] [29] (./new_notes.aux)

LaTeX Warning: There were undefined references.


LaTeX Warning: Label(s) may have changed. Rerun to get cross-references right.

 ) 
Here is how much of TeX's memory you used:
 4020 strings out of 495000
 55163 string characters out of 6181168
 128445 words of memory out of 5000000
 7005 multiletter control sequences out of 15000+600000
 15084 words of font info for 59 fonts, out of 8000000 for 9000
 175 hyphenation exceptions out of 8191
 37i,17n,31p,330b,362s stack positions out of 5000i,500n,10000p,200000b,80000s
</usr/share/texlive/texmf-dist/fonts/type1/public/amsfonts/cm/cmbx10.pfb></us
r/share/texlive/texmf-dist/fonts/type1/public/amsfonts/cm/cmbxti10.pfb></usr/sh
are/texlive/texmf-dist/fonts/type1/public/amsfonts/cm/cmcsc10.pfb></usr/share/t
exlive/texmf-dist/fonts/type1/public/amsfonts/cm/cmex10.pfb></usr/share/texlive
/texmf-dist/fonts/type1/public/amsfonts/cm/cmmi10.pfb></usr/share/texlive/texmf
-dist/fonts/type1/public/amsfonts/cm/cmmi5.pfb></usr/share/texlive/texmf-dist/f
onts/type1/public/amsfonts/cm/cmmi6.pfb></usr/share/texlive/texmf-dist/fonts/ty
pe1/public/amsfonts/cm/cmmi7.pfb></usr/share/texlive/texmf-dist/fonts/type1/pub
lic/amsfonts/cm/cmmi8.pfb></usr/share/texlive/texmf-dist/fonts/type1/public/ams
fonts/cmextra/cmmib7.pfb></usr/share/texlive/texmf-dist/fonts/type1/public/amsf
onts/cm/cmr10.pfb></usr/share/texlive/texmf-dist/fonts/type1/public/amsfonts/cm
/cmr5.pfb></usr/share/texlive/texmf-dist/fonts/type1/public/amsfonts/cm/cmr7.pf
b></usr/share/texlive/texmf-dist/fonts/type1/public/amsfonts/cm/cmr8.pfb></usr/
share/texlive/texmf-dist/fonts/type1/public/amsfonts/cm/cmsy10.pfb></usr/share/
texlive/texmf-dist/fonts/type1/public/amsfonts/cm/cmsy5.pfb></usr/share/texlive
/texmf-dist/fonts/type1/public/amsfonts/cm/cmsy7.pfb></usr/share/texlive/texmf-
dist/fonts/type1/public/amsfonts/cm/cmsy8.pfb></usr/share/texlive/texmf-dist/fo
nts/type1/public/amsfonts/cm/cmti10.pfb></usr/share/texlive/texmf-dist/fonts/ty
pe1/public/esint-type1/esint10.pfb></usr/share/texlive/texmf-dist/fonts/type1/p
ublic/amsfonts/symbols/msam10.pfb></usr/share/texlive/texmf-dist/fonts/type1/pu
blic/amsfonts/symbols/msam7.pfb></usr/share/texlive/texmf-dist/fonts/type1/publ
ic/amsfonts/symbols/msbm10.pfb></usr/share/texlive/texmf-dist/fonts/type1/publi
c/amsfonts/symbols/msbm7.pfb>
Output written on new_notes.pdf (29 pages, 579261 bytes).
PDF statistics:
 200 PDF objects out of 1000 (max. 8388607)
 137 compressed objects within 2 object streams
 0 named destinations out of 1000 (max. 500000)
 31 words of extra memory for PDF output out of 10000 (max. 10000000)

